android/build/intermediates/manifest_merge_blame_file/debug/manifest-merger-blame-debug-report.txt
1<?xml version="1.0" encoding="utf-8"?>
2<manifest xmlns:android="http://schemas.android.com/apk/res/android"
3    package="com.bugly"
4    android:versionCode="1"
5    android:versionName="1.0" >
6
7    <uses-sdk
8        android:minSdkVersion="21"
8-->src/main/AndroidManifest.xml
9        android:targetSdkVersion="29" />
9-->src/main/AndroidManifest.xml
10
11    <uses-permission android:name="android.permission.READ_PHONE_STATE" />
11-->src/main/AndroidManifest.xml:5:5-75
11-->src/main/AndroidManifest.xml:5:22-72
12    <uses-permission android:name="android.permission.INTERNET" />
12-->src/main/AndroidManifest.xml:6:5-67
12-->src/main/AndroidManifest.xml:6:22-64
13    <uses-permission android:name="android.permission.ACCESS_NETWORK_STATE" />
13-->src/main/AndroidManifest.xml:7:5-79
13-->src/main/AndroidManifest.xml:7:22-76
14    <uses-permission android:name="android.permission.ACCESS_WIFI_STATE" />
14-->src/main/AndroidManifest.xml:8:5-76
14-->src/main/AndroidManifest.xml:8:22-73
15    <uses-permission android:name="android.permission.READ_LOGS" />
15-->src/main/AndroidManifest.xml:9:5-68
15-->src/main/AndroidManifest.xml:9:22-65
16    <uses-permission android:name="android.permission.WRITE_EXTERNAL_STORAGE" />
16-->src/main/AndroidManifest.xml:10:5-81
16-->src/main/AndroidManifest.xml:10:22-78
17    <uses-permission android:name="android.permission.REQUEST_INSTALL_PACKAGES" />
17-->src/main/AndroidManifest.xml:11:5-83
17-->src/main/AndroidManifest.xml:11:22-80
18
19    <application android:label="@string/app_name" >
19-->src/main/AndroidManifest.xml:13:5-21:19
19-->src/main/AndroidManifest.xml:14:9-41
20        <activity
20-->src/main/AndroidManifest.xml:16:9-19:64
21            android:name="com.tencent.bugly.beta.ui.BetaActivity"
21-->src/main/AndroidManifest.xml:17:13-66
22            android:configChanges="keyboardHidden|orientation|screenSize|locale"
22-->src/main/AndroidManifest.xml:18:13-81
23            android:theme="@android:style/Theme.Translucent" />
23-->src/main/AndroidManifest.xml:19:13-61
24    </application>
25
26</manifest>